c:\home\hirayama\cocos\pasta\proj.win32\debug.win32\appdelegate.obj
c:\home\hirayama\cocos\pasta\proj.win32\debug.win32\main.obj
c:\home\hirayama\cocos\pasta\proj.win32\debug.win32\helloworldscene.obj
c:\home\hirayama\cocos\pasta\proj.win32\debug.win32\vc140.pdb
c:\home\hirayama\cocos\pasta\proj.win32\debug.win32\gci.obj
c:\home\hirayama\cocos\pasta\proj.win32\debug.win32\vc140.idb
c:\home\hirayama\cocos\pasta\proj.win32\debug.win32\color.obj
c:\home\hirayama\cocos\pasta\proj.win32\debug.win32\gci2pathview.obj
c:\home\hirayama\cocos\pasta\proj.win32\debug.win32\terrainlayer.obj
c:\home\hirayama\cocos\pasta\proj.win32\debug.win32\lifebarlayer.obj
c:\home\hirayama\cocos\pasta\proj.win32\debug.win32\waterlayer.obj
c:\home\hirayama\cocos\pasta\proj.win32\debug.win32\water.obj
c:\home\hirayama\cocos\pasta\proj.win32\debug.win32\territorylayer.obj
c:\home\hirayama\cocos\pasta\proj.win32\debug.win32\pasta.ilk
c:\home\hirayama\cocos\pasta\proj.win32\debug.win32\pasta.exe
c:\home\hirayama\cocos\pasta\proj.win32\debug.win32\pasta.pdb
c:\home\hirayama\cocos\pasta\proj.win32\debug.win32\pasta.lib
c:\home\hirayama\cocos\pasta\proj.win32\debug.win32\pasta.exp
c:\home\hirayama\cocos\pasta\proj.win32\pasta.cab
c:\home\hirayama\cocos\pasta\proj.win32\debug.win32\game.res
c:\home\hirayama\cocos\pasta\proj.win32\debug.win32\pasta.vcxprojresolveassemblyreference.cache
c:\home\hirayama\cocos\pasta\proj.win32\debug.win32\libcocos2d.exp
c:\home\hirayama\cocos\pasta\proj.win32\debug.win32\libbox2d.pdb
c:\home\hirayama\cocos\pasta\proj.win32\debug.win32\libbullet.pdb
c:\home\hirayama\cocos\pasta\proj.win32\debug.win32\libcocos2d.pdb
c:\home\hirayama\cocos\pasta\proj.win32\debug.win32\librecast.pdb
c:\home\hirayama\cocos\pasta\proj.win32\debug.win32\libspine.pdb
c:\home\hirayama\cocos\pasta\proj.win32\debug.win32\pasta.tlog\cl.command.1.tlog
c:\home\hirayama\cocos\pasta\proj.win32\debug.win32\pasta.tlog\cl.read.1.tlog
c:\home\hirayama\cocos\pasta\proj.win32\debug.win32\pasta.tlog\cl.write.1.tlog
c:\home\hirayama\cocos\pasta\proj.win32\debug.win32\pasta.tlog\link.command.1.tlog
c:\home\hirayama\cocos\pasta\proj.win32\debug.win32\pasta.tlog\link.read.1.tlog
c:\home\hirayama\cocos\pasta\proj.win32\debug.win32\pasta.tlog\link.write.1.tlog
c:\home\hirayama\cocos\pasta\proj.win32\debug.win32\pasta.tlog\pasta.write.1u.tlog
c:\home\hirayama\cocos\pasta\proj.win32\debug.win32\pasta.tlog\rc.command.1.tlog
c:\home\hirayama\cocos\pasta\proj.win32\debug.win32\pasta.tlog\rc.read.1.tlog
c:\home\hirayama\cocos\pasta\proj.win32\debug.win32\pasta.tlog\rc.write.1.tlog
